[debug] [2024-11-26T20:40:49.108Z] ----------------------------------------------------------------------
[debug] [2024-11-26T20:40:49.109Z] Command:       /opt/homebrew/Cellar/node/22.8.0/bin/node /opt/homebrew/bin/firebase init
[debug] [2024-11-26T20:40:49.110Z] CLI Version:   13.27.0
[debug] [2024-11-26T20:40:49.110Z] Platform:      darwin
[debug] [2024-11-26T20:40:49.110Z] Node Version:  v22.8.0
[debug] [2024-11-26T20:40:49.110Z] Time:          Tue Nov 26 2024 15:40:49 GMT-0500 (Eastern Standard Time)
[debug] [2024-11-26T20:40:49.110Z] ----------------------------------------------------------------------
[debug] 
[debug] [2024-11-26T20:40:49.114Z] > command requires scopes: ["email","openid","https://www.googleapis.com/auth/cloudplatformprojects.readonly","https://www.googleapis.com/auth/firebase","https://www.googleapis.com/auth/cloud-platform"]
[debug] [2024-11-26T20:40:49.114Z] > authorizing via signed-in user (vijjr04@gmail.com)
[info] 
     ######## #### ########  ######## ########     ###     ######  ########
     ##        ##  ##     ## ##       ##     ##  ##   ##  ##       ##
     ######    ##  ########  ######   ########  #########  ######  ######
     ##        ##  ##    ##  ##       ##     ## ##     ##       ## ##
     ##       #### ##     ## ######## ########  ##     ##  ######  ########

You're about to initialize a Firebase project in this directory:

  /Users/jay/Desktop/Personal Website/personal-website

[info] 
=== Project Setup
[info] 
[info] First, let's associate this project directory with a Firebase project.
[info] You can create multiple project aliases by running firebase use --add, 
[info] but for now we'll just set up a default project.
[info] 
[debug] [2024-11-26T20:40:56.142Z] Checked if tokens are valid: false, expires at: 1700394877464
[debug] [2024-11-26T20:40:56.142Z] Checked if tokens are valid: false, expires at: 1700394877464
[debug] [2024-11-26T20:40:56.143Z] > refreshing access token with scopes: []
[debug] [2024-11-26T20:40:56.144Z] >>> [apiv2][query] POST https://www.googleapis.com/oauth2/v3/token [none]
[debug] [2024-11-26T20:40:56.144Z] >>> [apiv2][body] POST https://www.googleapis.com/oauth2/v3/token [omitted]
[debug] [2024-11-26T20:40:56.325Z] <<< [apiv2][status] POST https://www.googleapis.com/oauth2/v3/token 400
[debug] [2024-11-26T20:40:56.325Z] <<< [apiv2][body] POST https://www.googleapis.com/oauth2/v3/token [omitted]
[debug] [2024-11-26T20:40:56.326Z] >>> [apiv2][query] GET https://firebase.googleapis.com/v1beta1/projects pageSize=100
[debug] [2024-11-26T20:40:56.484Z] <<< [apiv2][status] GET https://firebase.googleapis.com/v1beta1/projects 401
[debug] [2024-11-26T20:40:56.485Z] <<< [apiv2][body] GET https://firebase.googleapis.com/v1beta1/projects [omitted]
[debug] [2024-11-26T20:40:56.485Z] Got a 401 Unauthenticated error for a call that required authentication. Refreshing tokens.
[debug] [2024-11-26T20:40:56.485Z] Checked if tokens are valid: false, expires at: 1700394877464
[debug] [2024-11-26T20:40:56.485Z] Checked if tokens are valid: false, expires at: 1700394877464
[debug] [2024-11-26T20:40:56.485Z] > refreshing access token with scopes: []
[debug] [2024-11-26T20:40:56.486Z] >>> [apiv2][query] POST https://www.googleapis.com/oauth2/v3/token [none]
[debug] [2024-11-26T20:40:56.486Z] >>> [apiv2][body] POST https://www.googleapis.com/oauth2/v3/token [omitted]
[debug] [2024-11-26T20:40:56.551Z] <<< [apiv2][status] POST https://www.googleapis.com/oauth2/v3/token 400
[debug] [2024-11-26T20:40:56.551Z] <<< [apiv2][body] POST https://www.googleapis.com/oauth2/v3/token [omitted]
[debug] [2024-11-26T20:40:56.552Z] Request to https://firebase.googleapis.com/v1beta1/projects?pageSize=100 had HTTP Error: 401, Request had invalid authentication credentials. Expected OAuth 2 access token, login cookie or other valid authentication credential. See https://developers.google.com/identity/sign-in/web/devconsole-project.
[debug] [2024-11-26T20:40:56.678Z] FirebaseError: Request to https://firebase.googleapis.com/v1beta1/projects?pageSize=100 had HTTP Error: 401, Request had invalid authentication credentials. Expected OAuth 2 access token, login cookie or other valid authentication credential. See https://developers.google.com/identity/sign-in/web/devconsole-project.
    at responseToError (/opt/homebrew/lib/node_modules/firebase-tools/lib/responseToError.js:52:12)
    at RetryOperation._fn (/opt/homebrew/lib/node_modules/firebase-tools/lib/apiv2.js:312:77)
    at process.processTicksAndRejections (node:internal/process/task_queues:105:5)
[error] 
[error] Error: Failed to list Firebase projects. See firebase-debug.log for more info.
[debug] [2024-11-26T20:41:06.376Z] ----------------------------------------------------------------------
[debug] [2024-11-26T20:41:06.378Z] Command:       /opt/homebrew/Cellar/node/22.8.0/bin/node /opt/homebrew/bin/firebase init
[debug] [2024-11-26T20:41:06.378Z] CLI Version:   13.27.0
[debug] [2024-11-26T20:41:06.378Z] Platform:      darwin
[debug] [2024-11-26T20:41:06.378Z] Node Version:  v22.8.0
[debug] [2024-11-26T20:41:06.378Z] Time:          Tue Nov 26 2024 15:41:06 GMT-0500 (Eastern Standard Time)
[debug] [2024-11-26T20:41:06.378Z] ----------------------------------------------------------------------
[debug] 
[debug] [2024-11-26T20:41:06.382Z] > command requires scopes: ["email","openid","https://www.googleapis.com/auth/cloudplatformprojects.readonly","https://www.googleapis.com/auth/firebase","https://www.googleapis.com/auth/cloud-platform"]
[debug] [2024-11-26T20:41:06.382Z] > authorizing via signed-in user (vijjr04@gmail.com)
[info] 
     ######## #### ########  ######## ########     ###     ######  ########
     ##        ##  ##     ## ##       ##     ##  ##   ##  ##       ##
     ######    ##  ########  ######   ########  #########  ######  ######
     ##        ##  ##    ##  ##       ##     ## ##     ##       ## ##
     ##       #### ##     ## ######## ########  ##     ##  ######  ########

You're about to initialize a Firebase project in this directory:

  /Users/jay/Desktop/Personal Website/personal-website

[info] 
=== Project Setup
[info] 
[info] First, let's associate this project directory with a Firebase project.
[info] You can create multiple project aliases by running firebase use --add, 
[info] but for now we'll just set up a default project.
[info] 
[debug] [2024-11-26T20:41:15.856Z] Checked if tokens are valid: false, expires at: 1700394877464
[debug] [2024-11-26T20:41:15.857Z] Checked if tokens are valid: false, expires at: 1700394877464
[debug] [2024-11-26T20:41:15.857Z] > refreshing access token with scopes: []
[debug] [2024-11-26T20:41:15.859Z] >>> [apiv2][query] POST https://www.googleapis.com/oauth2/v3/token [none]
[debug] [2024-11-26T20:41:15.859Z] >>> [apiv2][body] POST https://www.googleapis.com/oauth2/v3/token [omitted]
[debug] [2024-11-26T20:41:16.017Z] <<< [apiv2][status] POST https://www.googleapis.com/oauth2/v3/token 400
[debug] [2024-11-26T20:41:16.017Z] <<< [apiv2][body] POST https://www.googleapis.com/oauth2/v3/token [omitted]
[debug] [2024-11-26T20:41:16.017Z] >>> [apiv2][query] GET https://firebase.googleapis.com/v1beta1/projects pageSize=100
[debug] [2024-11-26T20:41:16.139Z] <<< [apiv2][status] GET https://firebase.googleapis.com/v1beta1/projects 401
[debug] [2024-11-26T20:41:16.140Z] <<< [apiv2][body] GET https://firebase.googleapis.com/v1beta1/projects [omitted]
[debug] [2024-11-26T20:41:16.140Z] Got a 401 Unauthenticated error for a call that required authentication. Refreshing tokens.
[debug] [2024-11-26T20:41:16.140Z] Checked if tokens are valid: false, expires at: 1700394877464
[debug] [2024-11-26T20:41:16.140Z] Checked if tokens are valid: false, expires at: 1700394877464
[debug] [2024-11-26T20:41:16.140Z] > refreshing access token with scopes: []
[debug] [2024-11-26T20:41:16.141Z] >>> [apiv2][query] POST https://www.googleapis.com/oauth2/v3/token [none]
[debug] [2024-11-26T20:41:16.141Z] >>> [apiv2][body] POST https://www.googleapis.com/oauth2/v3/token [omitted]
[debug] [2024-11-26T20:41:16.200Z] <<< [apiv2][status] POST https://www.googleapis.com/oauth2/v3/token 400
[debug] [2024-11-26T20:41:16.200Z] <<< [apiv2][body] POST https://www.googleapis.com/oauth2/v3/token [omitted]
[debug] [2024-11-26T20:41:16.202Z] Request to https://firebase.googleapis.com/v1beta1/projects?pageSize=100 had HTTP Error: 401, Request had invalid authentication credentials. Expected OAuth 2 access token, login cookie or other valid authentication credential. See https://developers.google.com/identity/sign-in/web/devconsole-project.
[debug] [2024-11-26T20:41:16.317Z] FirebaseError: Request to https://firebase.googleapis.com/v1beta1/projects?pageSize=100 had HTTP Error: 401, Request had invalid authentication credentials. Expected OAuth 2 access token, login cookie or other valid authentication credential. See https://developers.google.com/identity/sign-in/web/devconsole-project.
    at responseToError (/opt/homebrew/lib/node_modules/firebase-tools/lib/responseToError.js:52:12)
    at RetryOperation._fn (/opt/homebrew/lib/node_modules/firebase-tools/lib/apiv2.js:312:77)
    at process.processTicksAndRejections (node:internal/process/task_queues:105:5)
[error] 
[error] Error: Failed to list Firebase projects. See firebase-debug.log for more info.
